<?xml version="1.0" encoding="UTF-8"?>
<!-- Generated by org.testng.reporters.JUnitReportReporter -->
<testsuite skipped="0" hostname="DESKTOP-AI8L471" name="qaclickacademy.MavenJava.AppiumTest" tests="2" failures="0" timestamp="2020-06-02T15:37:22 IST" time="0.002" errors="0">
  <testcase name="AndroidApps" time="0.002" classname="qaclickacademy.MavenJava.AppiumTest"/>
  <system-out/>
  <testcase name="iOSApps" time="0.000" classname="qaclickacademy.MavenJava.AppiumTest"/>
  <system-out/>
</testsuite> <!-- qaclickacademy.MavenJava.AppiumTest -->
