<?xml version="1.0" encoding="UTF-8"?>
<!-- Generated by org.testng.reporters.JUnitReportReporter -->
<testsuite skipped="0" hostname="DESKTOP-AI8L471" name="qaclickacademy.MavenJava.SeleniumTest" tests="2" failures="0" timestamp="2020-06-02T15:37:36 IST" time="0.003" errors="0">
  <testcase name="LoginApplication" time="0.002" classname="qaclickacademy.MavenJava.SeleniumTest"/>
  <system-out/>
  <testcase name="UIElements" time="0.001" classname="qaclickacademy.MavenJava.SeleniumTest"/>
  <system-out/>
</testsuite> <!-- qaclickacademy.MavenJava.SeleniumTest -->
