<?xml version="1.0" encoding="UTF-8"?>
<!-- Generated by org.testng.reporters.JUnitReportReporter -->
<testsuite skipped="0" hostname="DESKTOP-AI8L471" name="qaclickacademy.MavenJava.RESTAPITest" tests="2" failures="0" timestamp="2020-06-02T15:37:36 IST" time="0.008" errors="0">
  <testcase name="loginJIRA" time="0.007" classname="qaclickacademy.MavenJava.RESTAPITest"/>
  <system-out/>
  <testcase name="postJIRA" time="0.001" classname="qaclickacademy.MavenJava.RESTAPITest"/>
  <system-out/>
</testsuite> <!-- qaclickacademy.MavenJava.RESTAPITest -->
